[2018-06-13 20:44:05] logger_route.ERROR: 404 /favicon.ico [] []
[2018-06-13 20:58:58] logger_route.ERROR: 404 /favicon.ico [] []
[2018-06-13 20:59:37] logger_route.ERROR: 404 /favicon.ico [] []
[2018-06-13 21:00:30] logger_route.ERROR: 404 /favicon.ico [] []
[2018-06-13 21:00:38] logger_route.ERROR: 404 /favicon.ico [] []
[2018-06-13 21:00:53] logger_route.ERROR: 404 /favicon.ico [] []
[2018-06-13 21:01:38] logger_route.ERROR: 404 /favicon.ico [] []
[2018-06-13 21:03:33] logger_route.ERROR: 404 /favicon.ico [] []
[2018-06-13 21:19:50] logger_route.ERROR: 404 /favicon.ico [] []
[2018-06-13 21:20:35] logger_route.ERROR: 404 /favicon.ico [] []
[2018-06-13 21:34:08] logger_route.ERROR: 404 /favicon.ico [] []
[2018-06-13 21:36:48] logger_route.ERROR: 404 /favicon.ico [] []
[2018-06-13 21:41:13] logger_route.ERROR: 404 /favicon.ico [] []
[2018-06-13 21:41:18] logger_route.ERROR: 404 /favicon.ico [] []
[2018-06-13 21:41:31] logger_route.ERROR: 404 /favicon.ico [] []
[2018-06-13 21:43:16] logger_route.ERROR: 404 /favicon.ico [] []
[2018-06-13 21:44:12] logger_route.ERROR: 404 /favicon.ico [] []
[2018-06-13 21:45:03] logger_route.ERROR: 404 /favicon.ico [] []
[2018-06-13 21:45:11] logger_route.ERROR: 404 /favicon.ico [] []
[2018-06-13 21:47:19] logger_route.ERROR: 404 /favicon.ico [] []
[2018-06-13 21:53:10] logger_route.ERROR: 404 /favicon.ico [] []
[2018-06-13 21:53:34] logger_route.ERROR: 404 /favicon.ico [] []
[2018-06-13 21:53:54] logger_route.ERROR: 404 /favicon.ico [] []
[2018-06-13 22:07:27] logger_route.ERROR: 404 /favicon.ico [] []
[2018-06-14 09:08:20] logger_route.ERROR: 404 /favicon.ico [] []
[2018-06-14 09:15:09] logger_route.ERROR: 404 /favicon.ico [] []
[2018-06-14 09:17:34] logger_route.ERROR: 404 /favicon.ico [] []
[2018-06-15 08:37:15] logger_route.ERROR: 404 /favicon.ico [] []
[2018-06-15 08:44:00] logger_route.ERROR: 404 /favicon.ico [] []
[2018-06-15 08:45:44] logger_route.ERROR: 404 /favicon.ico [] []
[2018-06-15 08:46:50] logger_route.ERROR: 404 /favicon.ico [] []
[2018-06-15 08:47:53] logger_route.ERROR: 404 /favicon.ico [] []
[2018-06-15 08:49:52] logger_route.ERROR: 404 /favicon.ico [] []
[2018-06-15 09:25:38] logger_route.ERROR: 404 /favicon.ico [] []
[2018-06-15 09:25:57] logger_route.ERROR: 404 /favicon.ico [] []
[2018-06-15 09:39:08] logger_route.ERROR: 404 /favicon.ico [] []
[2018-06-15 09:40:32] logger_route.ERROR: 404 /favicon.ico [] []
[2018-06-15 09:41:24] logger_route.ERROR: 404 /favicon.ico [] []
[2018-06-15 09:46:54] logger_route.ERROR: 404 /favicon.ico [] []
[2018-06-15 09:49:52] logger_route.ERROR: 404 /favicon.ico [] []
[2018-06-15 09:53:33] logger_route.ERROR: 404 /favicon.ico [] []
[2018-06-15 09:53:47] logger_route.ERROR: 404 /favicon.ico [] []
[2018-06-15 09:58:10] logger_route.ERROR: 404 /favicon.ico [] []
[2018-06-15 09:58:26] logger_route.ERROR: 404 /favicon.ico [] []
[2018-06-15 09:58:32] logger_route.ERROR: 404 /favicon.ico [] []
[2018-06-15 09:58:48] logger_route.ERROR: 404 /favicon.ico [] []
[2018-06-15 09:58:55] logger_route.ERROR: 404 /favicon.ico [] []
[2018-06-15 09:59:00] logger_route.ERROR: 404 /favicon.ico [] []
[2018-06-15 10:01:09] logger_route.ERROR: 404 /favicon.ico [] []
[2018-06-15 10:03:31] logger_route.ERROR: 404 /favicon.ico [] []
[2018-06-15 10:04:55] logger_route.ERROR: 404 /favicon.ico [] []
[2018-06-15 10:05:00] logger_route.ERROR: 404 /favicon.ico [] []
[2018-06-15 10:05:03] logger_route.ERROR: 404 /favicon.ico [] []
[2018-06-15 10:11:45] logger_route.ERROR: 404 /favicon.ico [] []
[2018-06-15 10:17:21] logger_route.ERROR: 404 /favicon.ico [] []
[2018-06-15 10:17:32] logger_route.ERROR: 404 /favicon.ico [] []
[2018-06-15 10:18:35] logger_route.ERROR: 404 /favicon.ico [] []
[2018-06-15 10:19:55] logger_route.ERROR: 404 /favicon.ico [] []
[2018-06-15 10:22:03] logger_route.ERROR: 404 /favicon.ico [] []
[2018-06-15 12:29:18] logger_route.ERROR: 404 /favicon.ico [] []
[2018-06-15 12:30:34] logger_route.ERROR: 404 /favicon.ico [] []
[2018-06-15 12:30:55] logger_route.ERROR: 404 /favicon.ico [] []
[2018-06-15 12:31:09] logger_route.ERROR: 404 /favicon.ico [] []
[2018-06-15 12:31:32] logger_route.ERROR: 404 /favicon.ico [] []
[2018-06-15 12:35:07] logger_route.ERROR: 404 /favicon.ico [] []
[2018-06-15 12:38:50] logger_route.ERROR: 404 /favicon.ico [] []
[2018-06-15 12:40:30] logger_route.ERROR: 404 /favicon.ico [] []
[2018-06-15 14:31:23] logger_route.ERROR: 404 /favicon.ico [] []
[2018-06-15 14:31:40] logger_route.ERROR: 404 /favicon.ico [] []
[2018-06-15 14:33:31] logger_route.ERROR: 404 /favicon.ico [] []
[2018-06-17 08:51:38] logger_route.ERROR: 404 /favicon.ico [] []
[2018-06-17 08:56:48] logger_route.ERROR: 404 /favicon.ico [] []
[2018-06-17 08:57:29] logger_route.ERROR: 404 /favicon.ico [] []
[2018-06-17 09:00:26] logger_route.ERROR: 404 /favicon.ico [] []
[2018-06-17 09:00:45] logger_route.ERROR: 404 /favicon.ico [] []
[2018-06-17 09:00:59] logger_route.ERROR: 404 /favicon.ico [] []
[2018-06-17 09:01:03] logger_route.ERROR: 404 /favicon.ico [] []
[2018-06-17 09:01:15] logger_route.ERROR: 404 /favicon.ico [] []
[2018-06-17 09:01:21] logger_route.ERROR: 404 /favicon.ico [] []
[2018-06-17 09:01:52] logger_route.ERROR: 404 /favicon.ico [] []
[2018-06-17 09:03:36] logger_route.ERROR: 404 /favicon.ico [] []
[2018-06-17 09:46:01] logger_route.ERROR: 404 /favicon.ico [] []
[2018-06-17 09:47:26] logger_route.ERROR: 404 /favicon.ico [] []
[2018-06-17 11:51:23] logger_route.ERROR: 404 /favicon.ico [] []
[2018-06-17 11:52:50] logger_route.ERROR: 404 /favicon.ico [] []
[2018-06-17 11:54:50] logger_route.ERROR: 404 /favicon.ico [] []
[2018-06-17 11:57:00] logger_route.ERROR: 404 /favicon.ico [] []
[2018-06-17 11:59:04] logger_route.ERROR: 404 /favicon.ico [] []
[2018-06-17 11:59:21] logger_route.ERROR: 404 /favicon.ico [] []
[2018-06-17 11:59:37] logger_route.ERROR: 404 /favicon.ico [] []
[2018-06-17 12:01:05] logger_route.ERROR: 404 /favicon.ico [] []
[2018-06-17 12:01:11] logger_route.ERROR: 404 /favicon.ico [] []
[2018-06-17 12:01:26] logger_route.ERROR: 404 /favicon.ico [] []
[2018-06-17 12:03:17] logger_route.ERROR: 404 /favicon.ico [] []
[2018-06-17 12:06:37] logger_route.ERROR: 404 /favicon.ico [] []
[2018-06-17 12:10:49] logger_route.ERROR: 404 /favicon.ico [] []
[2018-06-17 12:18:11] logger_route.ERROR: 404 /favicon.ico [] []
[2018-06-17 12:25:09] logger_route.ERROR: 404 /favicon.ico [] []
[2018-06-17 12:26:10] logger_route.ERROR: 404 /favicon.ico [] []
[2018-06-17 12:26:33] logger_route.ERROR: 404 /favicon.ico [] []
[2018-06-17 12:26:57] logger_route.ERROR: 404 /public/js/sign.js [] []
[2018-06-17 12:26:58] logger_route.ERROR: 404 /favicon.ico [] []
[2018-06-17 12:30:00] logger_route.ERROR: 404 /public/js/sign.js [] []
[2018-06-17 12:30:00] logger_route.ERROR: 404 /favicon.ico [] []
[2018-06-17 12:31:13] logger_route.ERROR: 404 /favicon.ico [] []
[2018-06-17 12:31:46] logger_route.ERROR: 404 /favicon.ico [] []
[2018-06-17 12:37:58] logger_route.ERROR: 404 /favicon.ico [] []
[2018-06-21 18:42:17] logger_route.ERROR: 404 /var/www/public/functions/js/form-ajax.js [] []
[2018-06-21 18:42:17] logger_route.ERROR: 404 /favicon.ico [] []
[2018-06-21 19:12:50] logger_route.ERROR: 404 /var/www/public/functions/js/form-ajax.js [] []
[2018-06-21 19:12:51] logger_route.ERROR: 404 /favicon.ico [] []
[2018-06-21 20:46:49] logger_route.ERROR: 404 /var/www/public/functions/js/form-ajax.js [] []
[2018-06-21 20:46:49] logger_route.ERROR: 404 /favicon.ico [] []
[2018-06-21 20:47:02] logger_route.ERROR: 404 /var/www/public/functions/js/form-ajax.js [] []
[2018-06-21 20:47:02] logger_route.ERROR: 404 /favicon.ico [] []
[2018-06-21 20:47:29] logger_route.ERROR: 404 /var/www/public/functions/js/form-ajax.js [] []
[2018-06-21 20:47:29] logger_route.ERROR: 404 /favicon.ico [] []
[2018-06-21 20:47:34] logger_route.ERROR: 404 /var/www/public/functions/js/form-ajax.js [] []
[2018-06-21 20:47:34] logger_route.ERROR: 404 /favicon.ico [] []
[2018-06-21 20:47:41] logger_route.ERROR: 404 /var/www/public/functions/js/form-ajax.js [] []
[2018-06-21 20:47:41] logger_route.ERROR: 404 /favicon.ico [] []
[2018-06-21 20:47:48] logger_route.ERROR: 404 /var/www/public/functions/js/form-ajax.js [] []
[2018-06-21 20:47:48] logger_route.ERROR: 404 /favicon.ico [] []
[2018-06-21 20:48:02] logger_route.ERROR: 404 /var/www/public/functions/js/form-ajax.js [] []
[2018-06-21 20:48:02] logger_route.ERROR: 404 /favicon.ico [] []
[2018-06-21 20:49:44] logger_route.ERROR: 404 /var/www/public/functions/js/form-ajax.js [] []
[2018-06-21 20:49:44] logger_route.ERROR: 404 /var/www/public/public/js/sign.js [] []
[2018-06-21 20:49:44] logger_route.ERROR: 404 /favicon.ico [] []
[2018-06-21 20:50:00] logger_route.ERROR: 404 /var/www/public/public/js/sign.js [] []
[2018-06-21 20:50:00] logger_route.ERROR: 404 /var/www/public/functions/js/form-ajax.js [] []
[2018-06-21 20:50:00] logger_route.ERROR: 404 /favicon.ico [] []
[2018-06-21 20:50:29] logger_route.ERROR: 404 /var/www/public/functions/js/form-ajax.js [] []
[2018-06-21 20:50:29] logger_route.ERROR: 404 /var/www/public/public/js/sign.js [] []
[2018-06-21 20:50:29] logger_route.ERROR: 404 /favicon.ico [] []
[2018-06-21 20:50:44] logger_route.ERROR: 404 /var/www/public/functions/js/form-ajax.js [] []
[2018-06-21 20:50:44] logger_route.ERROR: 404 /var/www/public/public/js/sign.js [] []
[2018-06-21 20:50:44] logger_route.ERROR: 404 /favicon.ico [] []
[2018-06-21 20:51:49] logger_route.ERROR: 404 /var/www/public/public/js/sign.js [] []
[2018-06-21 20:51:49] logger_route.ERROR: 404 /var/www/public/functions/js/form-ajax.js [] []
[2018-06-21 20:51:49] logger_route.ERROR: 404 /favicon.ico [] []
[2018-06-21 20:53:26] logger_route.ERROR: 404 /var/www/public/functions/js/form-ajax.js [] []
[2018-06-21 20:53:26] logger_route.ERROR: 404 /favicon.ico [] []
[2018-06-21 20:53:55] logger_route.ERROR: 404 /var/www/public/functions/js/form-ajax.js [] []
[2018-06-21 20:53:55] logger_route.ERROR: 404 /favicon.ico [] []
[2018-06-21 20:54:57] logger_route.ERROR: 404 /favicon.ico [] []
[2018-06-21 20:55:03] logger_route.ERROR: 404 /form_controllers/sign-up.php [] []
[2018-06-21 20:55:38] logger_route.ERROR: 404 /favicon.ico [] []
[2018-06-21 20:55:44] logger_route.ERROR: 404 /form_controllers/sign-up.php [] []
[2018-06-21 20:56:20] logger_route.ERROR: 404 /favicon.ico [] []
[2018-06-21 20:56:25] logger_route.ERROR: 404 /form_controllers/sign-up.php [] []
[2018-06-21 20:56:56] logger_route.ERROR: 404 /favicon.ico [] []
[2018-06-21 20:57:00] logger_route.ERROR: 404 /var/www/form_controllers/sign-up.php [] []
[2018-06-21 20:57:15] logger_route.ERROR: 404 /favicon.ico [] []
[2018-06-21 20:57:21] logger_route.ERROR: 404 /var/www/form_controllerss/sign-up.php [] []
[2018-06-21 20:57:46] logger_route.ERROR: 404 /favicon.ico [] []
[2018-06-21 20:57:51] logger_route.ERROR: 404 /var/www/form_controllers/sign-up.php [] []
[2018-06-21 20:58:22] logger_route.ERROR: 404 /favicon.ico [] []
[2018-06-21 20:58:26] logger_route.ERROR: 404 /var/www/public/form_controllers/sign-up.php [] []
[2018-06-21 20:58:37] logger_route.ERROR: 404 /favicon.ico [] []
[2018-06-21 20:58:41] logger_route.ERROR: 404 /var/www/public/form_controllers/sign-up.php [] []
[2018-06-21 20:59:46] logger_route.ERROR: 404 /favicon.ico [] []
[2018-06-21 20:59:50] logger_route.ERROR: 404 /form_controllers/sign-up.php [] []
[2018-06-21 21:00:02] logger_route.ERROR: 404 /favicon.ico [] []
[2018-06-21 21:00:07] logger_route.ERROR: 404 /form_controllers/sign-up.php [] []
[2018-06-21 21:00:16] logger_route.ERROR: 404 /favicon.ico [] []
[2018-06-21 21:00:20] logger_route.ERROR: 404 /form_controllers/sign-up.php [] []
[2018-06-21 21:00:29] logger_route.ERROR: 404 /favicon.ico [] []
[2018-06-21 21:00:33] logger_route.ERROR: 404 /form_controllers/sign-up.php [] []
[2018-06-21 21:00:39] logger_route.ERROR: 404 /favicon.ico [] []
[2018-06-21 21:00:43] logger_route.ERROR: 404 /form_controllers/sign-up.php [] []
[2018-06-21 21:01:34] logger_route.ERROR: 404 /favicon.ico [] []
[2018-06-21 21:01:39] logger_route.ERROR: 404 /form_controllers/sign-up.php [] []
[2018-06-21 21:01:50] logger_route.ERROR: 404 /favicon.ico [] []
[2018-06-21 21:02:25] logger_route.ERROR: 404 /favicon.ico [] []
[2018-06-21 21:02:29] logger_route.ERROR: 404 /form_controllers/sign-up.php [] []
[2018-06-21 21:03:17] logger_route.ERROR: 404 /favicon.ico [] []
[2018-06-21 21:03:55] logger_route.ERROR: 404 /favicon.ico [] []
[2018-06-21 21:03:59] logger_route.ERROR: 404 /var/www/public/form_controllers/sign-in.php [] []
[2018-06-21 21:04:10] logger_route.ERROR: 404 /favicon.ico [] []
[2018-06-21 21:04:14] logger_route.ERROR: 404 /www/public/form_controllers/sign-in.php [] []
[2018-06-21 21:04:22] logger_route.ERROR: 404 /favicon.ico [] []
[2018-06-21 21:04:26] logger_route.ERROR: 404 /public/form_controllers/sign-in.php [] []
[2018-06-21 21:04:32] logger_route.ERROR: 404 /favicon.ico [] []
[2018-06-21 21:05:39] logger_route.ERROR: 404 /favicon.ico [] []
[2018-06-21 21:06:33] logger_route.ERROR: 404 /favicon.ico [] []
[2018-06-21 21:07:30] logger_route.ERROR: 404 /favicon.ico [] []
[2018-06-21 21:08:01] logger_route.ERROR: 404 /favicon.ico [] []
[2018-06-21 21:09:50] logger_route.ERROR: 404 /favicon.ico [] []
[2018-06-21 21:10:25] logger_route.ERROR: 404 /favicon.ico [] []
[2018-06-21 21:14:21] logger_route.ERROR: 404 /favicon.ico [] []
[2018-06-21 21:15:02] logger_route.ERROR: 404 /favicon.ico [] []
[2018-06-21 21:16:19] logger_route.ERROR: 404 /favicon.ico [] []
[2018-06-21 21:17:05] logger_route.ERROR: 404 /favicon.ico [] []
[2018-06-21 21:20:29] logger_route.ERROR: 404 /favicon.ico [] []
[2018-06-21 21:21:16] logger_route.ERROR: 404 /favicon.ico [] []
[2018-06-21 21:22:20] logger_route.ERROR: 404 /favicon.ico [] []
[2018-06-21 21:22:36] logger_route.ERROR: 404 /favicon.ico [] []
[2018-06-21 21:24:59] logger_route.ERROR: 404 /favicon.ico [] []
[2018-06-21 21:25:45] logger_route.ERROR: 404 /favicon.ico [] []
[2018-06-21 21:26:27] logger_route.ERROR: 404 /favicon.ico [] []
[2018-06-21 21:26:43] logger_route.ERROR: 404 /favicon.ico [] []
[2018-06-22 05:53:51] logger_route.ERROR: 404 /favicon.ico [] []
[2018-06-22 05:54:39] logger_route.ERROR: 404 /favicon.ico [] []
[2018-06-22 05:55:13] logger_route.ERROR: 404 /favicon.ico [] []
[2018-06-22 05:55:29] logger_route.ERROR: 404 /favicon.ico [] []
[2018-06-22 05:56:56] logger_route.ERROR: 404 /favicon.ico [] []
[2018-06-22 07:19:18] logger_route.ERROR: 404 /favicon.ico [] []
[2018-06-22 11:19:11] logger_route.ERROR: 404 /favicon.ico [] []
[2018-06-22 11:20:09] logger_route.ERROR: 404 /favicon.ico [] []
[2018-06-22 11:23:37] logger_route.ERROR: 404 /favicon.ico [] []
[2018-06-22 11:23:56] logger_route.ERROR: 404 /favicon.ico [] []
[2018-06-22 11:55:50] logger_route.ERROR: 404 /favicon.ico [] []
[2018-06-22 11:56:17] logger_route.ERROR: 404 /favicon.ico [] []
[2018-06-22 11:56:50] logger_route.ERROR: 404 /favicon.ico [] []
[2018-06-22 11:57:15] logger_route.ERROR: 404 /favicon.ico [] []
[2018-06-22 12:17:30] logger_route.ERROR: 404 /favicon.ico [] []
[2018-06-22 12:18:24] logger_route.ERROR: 404 /favicon.ico [] []
[2018-06-22 12:21:58] logger_route.ERROR: 404 /favicon.ico [] []
[2018-06-22 12:26:45] logger_route.ERROR: 404 /favicon.ico [] []
[2018-06-22 12:39:45] logger_route.ERROR: 404 /favicon.ico [] []
[2018-06-22 12:44:26] logger_route.ERROR: 404 /favicon.ico [] []
[2018-06-22 12:44:55] logger_route.ERROR: 404 /favicon.ico [] []
[2018-06-22 12:45:50] logger_route.ERROR: 404 /favicon.ico [] []
[2018-06-22 12:47:04] logger_route.ERROR: 404 /favicon.ico [] []
[2018-06-22 12:47:43] logger_route.ERROR: 404 /favicon.ico [] []
[2018-06-26 04:50:49] logger_route.ERROR: 404 /favicon.ico [] []
[2018-06-26 04:51:03] logger_route.ERROR: 404 /favicon.ico [] []
[2018-06-26 05:58:57] logger_route.ERROR: 404 /favicon.ico [] []
[2018-06-26 06:05:03] logger_route.ERROR: 404 /favicon.ico [] []
[2018-06-26 06:07:14] logger_route.ERROR: 404 /favicon.ico [] []
[2018-06-26 06:07:47] logger_route.ERROR: 404 /favicon.ico [] []
[2018-06-26 06:08:08] logger_route.ERROR: 404 /favicon.ico [] []
[2018-06-26 06:10:23] logger_route.ERROR: 404 /favicon.ico [] []
[2018-06-26 06:11:45] logger_route.ERROR: 404 /favicon.ico [] []
[2018-06-26 06:21:07] logger_route.ERROR: 404 /favicon.ico [] []
[2018-06-26 06:22:17] logger_route.ERROR: 404 /favicon.ico [] []
[2018-06-26 06:23:42] logger_route.ERROR: 404 /favicon.ico [] []
[2018-06-26 06:24:18] logger_route.ERROR: 404 /favicon.ico [] []
[2018-06-26 06:25:02] logger_route.ERROR: 404 /favicon.ico [] []
[2018-06-26 06:25:46] logger_route.ERROR: 404 /favicon.ico [] []
[2018-06-26 06:26:06] logger_route.ERROR: 404 /favicon.ico [] []
[2018-06-26 06:45:33] logger_route.ERROR: 404 /favicon.ico [] []
[2018-06-26 06:48:08] logger_route.ERROR: 404 /favicon.ico [] []
[2018-06-26 06:48:19] logger_route.ERROR: 404 /favicon.ico [] []
[2018-06-26 06:54:55] logger_route.ERROR: 404 /favicon.ico [] []
[2018-06-26 06:55:12] logger_route.ERROR: 404 /favicon.ico [] []
[2018-06-26 06:55:43] logger_route.ERROR: 404 /favicon.ico [] []
[2018-06-26 06:57:58] logger_route.ERROR: 404 /favicon.ico [] []
[2018-06-26 07:09:19] logger_route.ERROR: 404 /favicon.ico [] []
[2018-06-26 07:12:06] logger_route.ERROR: 404 /favicon.ico [] []
[2018-06-26 07:14:31] logger_route.ERROR: 404 /favicon.ico [] []
[2018-06-26 07:15:49] logger_route.ERROR: 404 /favicon.ico [] []
[2018-06-26 07:17:52] logger_route.ERROR: 404 /favicon.ico [] []
[2018-06-26 07:18:22] logger_route.ERROR: 404 /favicon.ico [] []
[2018-06-26 07:22:41] logger_route.ERROR: 404 /favicon.ico [] []
[2018-06-26 07:24:37] logger_route.ERROR: 404 /favicon.ico [] []
[2018-06-26 07:26:41] logger_route.ERROR: 404 /favicon.ico [] []
[2018-06-26 07:27:36] logger_route.ERROR: 404 /favicon.ico [] []
[2018-06-26 07:31:09] logger_route.ERROR: 404 /favicon.ico [] []
[2018-06-26 07:32:47] logger_route.ERROR: 404 /favicon.ico [] []
[2018-06-26 07:34:25] logger_route.ERROR: 404 /favicon.ico [] []
[2018-06-26 07:34:55] logger_route.ERROR: 404 /favicon.ico [] []
[2018-06-26 07:39:09] logger_route.ERROR: 404 /favicon.ico [] []
[2018-06-26 07:40:10] logger_route.ERROR: 404 /favicon.ico [] []
[2018-06-26 07:43:13] logger_route.ERROR: 404 /favicon.ico [] []
[2018-06-26 07:58:09] logger_route.ERROR: 404 /favicon.ico [] []
[2018-06-26 08:01:11] logger_route.ERROR: 404 /favicon.ico [] []
[2018-06-26 08:06:09] logger_route.ERROR: 404 /favicon.ico [] []
[2018-06-26 08:08:09] logger_route.ERROR: 404 /favicon.ico [] []
[2018-06-26 08:09:43] logger_route.ERROR: 404 /favicon.ico [] []
[2018-06-26 08:10:09] logger_route.ERROR: 404 /favicon.ico [] []
[2018-06-26 08:10:41] logger_route.ERROR: 404 /favicon.ico [] []
[2018-06-26 08:11:35] logger_route.ERROR: 404 /favicon.ico [] []
[2018-06-26 08:12:16] logger_route.ERROR: 404 /favicon.ico [] []
[2018-06-26 08:13:06] logger_route.ERROR: 404 /favicon.ico [] []
[2018-06-26 08:16:07] logger_route.ERROR: 404 /favicon.ico [] []
[2018-06-26 08:16:47] logger_route.ERROR: 404 /favicon.ico [] []
[2018-06-26 08:18:22] logger_route.ERROR: 404 /favicon.ico [] []
[2018-06-26 08:20:20] logger_route.ERROR: 404 /favicon.ico [] []
[2018-06-26 08:22:09] logger_route.ERROR: 404 /favicon.ico [] []
[2018-06-26 08:29:52] logger_route.ERROR: 404 /favicon.ico [] []
[2018-06-26 08:30:17] logger_route.ERROR: 404 /favicon.ico [] []
[2018-06-26 08:37:25] logger_route.ERROR: 404 /favicon.ico [] []
[2018-06-26 08:39:19] logger_route.ERROR: 404 /favicon.ico [] []
[2018-06-26 08:39:59] logger_route.ERROR: 404 /favicon.ico [] []
[2018-06-26 09:14:22] logger_route.ERROR: 404 /favicon.ico [] []
[2018-06-26 09:14:34] logger_route.ERROR: 404 /favicon.ico [] []
[2018-06-26 09:16:42] logger_route.ERROR: 404 /favicon.ico [] []
[2018-06-26 09:24:27] logger_route.ERROR: 404 /favicon.ico [] []
[2018-06-26 09:24:54] logger_route.ERROR: 404 /favicon.ico [] []
[2018-06-26 09:40:02] logger_route.ERROR: 404 /favicon.ico [] []
[2018-06-26 09:42:50] logger_route.ERROR: 404 /favicon.ico [] []
[2018-06-26 09:43:06] logger_route.ERROR: 404 /favicon.ico [] []
[2018-06-26 09:43:41] logger_route.ERROR: 404 /favicon.ico [] []
[2018-06-26 09:44:10] logger_route.ERROR: 404 /favicon.ico [] []
[2018-06-26 09:44:52] logger_route.ERROR: 404 /favicon.ico [] []
[2018-06-26 09:45:28] logger_route.ERROR: 404 /favicon.ico [] []
[2018-06-26 09:46:09] logger_route.ERROR: 404 /favicon.ico [] []
[2018-06-26 09:47:12] logger_route.ERROR: 404 /favicon.ico [] []
[2018-06-26 09:47:16] logger_route.ERROR: 404 /favicon.ico [] []
[2018-06-26 09:47:25] logger_route.ERROR: 404 /favicon.ico [] []
[2018-06-26 09:47:43] logger_route.ERROR: 404 /favicon.ico [] []
[2018-06-26 09:47:44] logger_route.ERROR: 404 /favicon.ico [] []
[2018-06-26 09:48:20] logger_route.ERROR: 404 /favicon.ico [] []
[2018-06-26 09:53:26] logger_route.ERROR: 404 /favicon.ico [] []
[2018-06-26 09:53:27] logger_route.ERROR: 404 /favicon.ico [] []
[2018-06-26 10:05:57] logger_route.ERROR: 404 /favicon.ico [] []
[2018-06-26 10:06:09] logger_route.ERROR: 404 /favicon.ico [] []
[2018-06-26 10:06:17] logger_route.ERROR: 404 /favicon.ico [] []
[2018-06-26 10:06:32] logger_route.ERROR: 404 /favicon.ico [] []
[2018-06-26 10:08:08] logger_route.ERROR: 404 /favicon.ico [] []
[2018-06-26 10:08:52] logger_route.ERROR: 404 /favicon.ico [] []
[2018-06-26 10:09:08] logger_route.ERROR: 404 /favicon.ico [] []
[2018-06-26 10:09:44] logger_route.ERROR: 404 /favicon.ico [] []
[2018-06-26 10:10:11] logger_route.ERROR: 404 /favicon.ico [] []
[2018-06-26 10:10:33] logger_route.ERROR: 404 /favicon.ico [] []
[2018-06-26 10:13:40] logger_route.ERROR: 404 /favicon.ico [] []
[2018-06-26 10:13:41] logger_route.ERROR: 404 /favicon.ico [] []
[2018-06-26 10:13:42] logger_route.ERROR: 404 /favicon.ico [] []
[2018-06-26 10:27:06] logger_route.ERROR: 404 /favicon.ico [] []
[2018-06-26 10:27:10] logger_route.ERROR: 404 /favicon.ico [] []
[2018-06-26 10:38:36] logger_route.ERROR: 404 /favicon.ico [] []
[2018-06-26 10:39:09] logger_route.ERROR: 404 /favicon.ico [] []
[2018-06-26 10:40:04] logger_route.ERROR: 404 /favicon.ico [] []
[2018-06-26 10:40:47] logger_route.ERROR: 404 /favicon.ico [] []
[2018-06-26 10:41:09] logger_route.ERROR: 404 /favicon.ico [] []
[2018-06-26 10:41:32] logger_route.ERROR: 404 /favicon.ico [] []
[2018-06-26 10:41:47] logger_route.ERROR: 404 /favicon.ico [] []
[2018-06-26 10:42:07] logger_route.ERROR: 404 /favicon.ico [] []
[2018-06-26 10:42:13] logger_route.ERROR: 404 /favicon.ico [] []
[2018-06-28 13:25:00] logger_route.ERROR: 404 /favicon.ico [] []
[2018-06-28 13:25:26] logger_route.ERROR: Контроллер для страницы portfolio не найден [] []
[2018-06-28 13:25:26] logger_route.ERROR: 404 /favicon.ico [] []
[2018-06-28 13:25:28] logger_route.ERROR: Контроллер для страницы portfolio не найден [] []
[2018-06-28 13:25:28] logger_route.ERROR: 404 /favicon.ico [] []
[2018-06-28 13:25:29] logger_route.ERROR: Контроллер для страницы portfolio не найден [] []
[2018-06-28 13:25:29] logger_route.ERROR: 404 /favicon.ico [] []
[2018-06-28 13:54:25] logger_route.ERROR: Контроллер для страницы portfolio не найден [] []
[2018-06-28 13:54:25] logger_route.ERROR: 404 /favicon.ico [] []
[2018-06-28 13:54:27] logger_route.ERROR: Контроллер для страницы portfolio не найден [] []
[2018-06-28 13:54:27] logger_route.ERROR: 404 /favicon.ico [] []
[2018-06-28 13:54:40] logger_route.ERROR: Контроллер для страницы portfolio не найден [] []
[2018-06-28 13:54:41] logger_route.ERROR: 404 /favicon.ico [] []
[2018-06-28 13:54:43] logger_route.ERROR: Контроллер для страницы portfolio не найден [] []
[2018-06-28 13:54:43] logger_route.ERROR: 404 /favicon.ico [] []
[2018-06-28 13:55:31] logger_route.ERROR: 404 /favicon.ico [] []
[2018-06-28 13:55:50] logger_route.ERROR: Контроллер для страницы portfolio не найден [] []
[2018-06-28 13:55:50] logger_route.ERROR: 404 /favicon.ico [] []
[2018-06-28 13:55:51] logger_route.ERROR: Контроллер для страницы portfolio не найден [] []
[2018-06-28 13:55:51] logger_route.ERROR: 404 /favicon.ico [] []
[2018-06-28 13:56:54] logger_route.ERROR: 404 /favicon.ico [] []
[2018-06-28 13:59:23] logger_route.ERROR: 404 /favicon.ico [] []
[2018-06-28 13:59:46] logger_route.ERROR: Контроллер для страницы portfolio не найден [] []
[2018-06-28 13:59:46] logger_route.ERROR: 404 /favicon.ico [] []
[2018-06-28 14:01:10] logger_route.ERROR: 404 /favicon.ico [] []
[2018-06-28 14:04:47] logger_route.ERROR: 404 /favicon.ico [] []
[2018-06-28 14:06:33] logger_route.ERROR: 404 /favicon.ico [] []
[2018-06-28 14:07:30] logger_route.ERROR: 404 /favicon.ico [] []
[2018-06-28 15:00:53] logger_route.ERROR: 404 /favicon.ico [] []
[2018-06-28 15:01:00] logger_route.ERROR: 404 /favicon.ico [] []
[2018-06-28 15:01:18] logger_route.ERROR: 404 /favicon.ico [] []
[2018-06-28 15:01:22] logger_route.ERROR: 404 /favicon.ico [] []
[2018-06-28 15:01:51] logger_route.ERROR: 404 /favicon.ico [] []
[2018-06-28 15:02:49] logger_route.ERROR: 404 /favicon.ico [] []
[2018-06-28 15:03:25] logger_route.ERROR: 404 /favicon.ico [] []
[2018-06-28 15:03:59] logger_route.ERROR: 404 /favicon.ico [] []
[2018-06-28 15:04:54] logger_route.ERROR: 404 /favicon.ico [] []
[2018-06-28 15:11:35] logger_route.ERROR: 404 /favicon.ico [] []
[2018-06-28 15:11:37] logger_route.ERROR: 404 /favicon.ico [] []
[2018-06-28 15:12:05] logger_route.ERROR: 404 /favicon.ico [] []
[2018-06-28 15:12:06] logger_route.ERROR: 404 /favicon.ico [] []
[2018-06-28 15:14:23] logger_route.ERROR: 404 /favicon.ico [] []
[2018-06-28 15:15:04] logger_route.ERROR: 404 /favicon.ico [] []
[2018-06-28 15:15:20] logger_route.ERROR: 404 /favicon.ico [] []
[2018-06-28 15:15:50] logger_route.ERROR: 404 /favicon.ico [] []
[2018-06-28 15:16:22] logger_route.ERROR: 404 /favicon.ico [] []
[2018-06-28 15:16:34] logger_route.ERROR: 404 /favicon.ico [] []
[2018-06-28 15:18:10] logger_route.ERROR: 404 /favicon.ico [] []
[2018-06-28 15:19:14] logger_route.ERROR: 404 /favicon.ico [] []
[2018-06-28 15:19:31] logger_route.ERROR: 404 /favicon.ico [] []
[2018-06-28 15:19:36] logger_route.ERROR: 404 /favicon.ico [] []
[2018-06-28 15:19:41] logger_route.ERROR: 404 /favicon.ico [] []
[2018-06-28 15:19:48] logger_route.ERROR: 404 /favicon.ico [] []
[2018-06-28 15:19:54] logger_route.ERROR: 404 /favicon.ico [] []
[2018-06-28 15:27:29] logger_route.ERROR: 404 /var/www/public/uploads/user.jpg [] []
[2018-06-28 15:27:30] logger_route.ERROR: 404 /favicon.ico [] []
[2018-06-28 15:28:12] logger_route.ERROR: 404 /favicon.ico [] []
[2018-06-28 15:50:15] logger_route.ERROR: 404 /favicon.ico [] []
[2018-06-28 15:52:16] logger_route.ERROR: 404 /favicon.ico [] []
[2018-06-28 15:52:17] logger_route.ERROR: 404 /favicon.ico [] []
[2018-06-28 15:53:06] logger_route.ERROR: 404 /favicon.ico [] []
[2018-06-28 15:53:20] logger_route.ERROR: 404 /favicon.ico [] []
[2018-06-28 15:53:46] logger_route.ERROR: 404 /favicon.ico [] []
[2018-06-28 15:53:47] logger_route.ERROR: 404 /favicon.ico [] []
[2018-06-28 15:53:54] logger_route.ERROR: 404 /favicon.ico [] []
[2018-06-28 15:54:00] logger_route.ERROR: 404 /favicon.ico [] []
[2018-06-28 15:58:04] logger_route.ERROR: 404 /favicon.ico [] []
[2018-06-28 15:58:20] logger_route.ERROR: 404 /favicon.ico [] []
[2018-06-28 16:00:54] logger_route.ERROR: 404 /favicon.ico [] []
[2018-06-28 16:01:20] logger_route.ERROR: 404 /favicon.ico [] []
[2018-06-28 16:02:04] logger_route.ERROR: 404 /favicon.ico [] []
[2018-06-28 19:11:00] logger_route.ERROR: 404 /favicon.ico [] []
[2018-06-28 19:11:02] logger_route.ERROR: 404 /favicon.ico [] []
[2018-06-28 19:11:04] logger_route.ERROR: 404 /favicon.ico [] []
[2018-06-28 19:14:51] logger_route.ERROR: 404 /favicon.ico [] []
[2018-06-28 19:19:22] logger_route.ERROR: 404 /favicon.ico [] []
[2018-06-28 19:19:49] logger_route.ERROR: 404 /favicon.ico [] []
[2018-06-28 19:40:01] logger_route.ERROR: 404 /favicon.ico [] []
[2018-06-28 19:40:23] logger_route.ERROR: 404 /favicon.ico [] []
[2018-06-28 19:42:17] logger_route.ERROR: 404 /favicon.ico [] []
[2018-06-28 19:45:27] logger_route.ERROR: 404 /favicon.ico [] []
[2018-06-28 19:46:08] logger_route.ERROR: 404 /favicon.ico [] []
[2018-06-28 19:46:27] logger_route.ERROR: 404 /favicon.ico [] []
[2018-06-28 19:47:33] logger_route.ERROR: 404 /favicon.ico [] []
[2018-06-28 19:49:26] logger_route.ERROR: 404 /favicon.ico [] []
[2018-06-28 19:55:31] logger_route.ERROR: 404 /favicon.ico [] []
[2018-06-28 20:35:03] logger_route.ERROR: 404 /favicon.ico [] []
[2018-06-28 20:40:36] logger_route.ERROR: 404 /favicon.ico [] []
[2018-06-28 20:48:15] logger_route.ERROR: 404 /favicon.ico [] []
[2018-06-28 20:48:50] logger_route.ERROR: 404 /favicon.ico [] []
[2018-06-28 20:49:06] logger_route.ERROR: 404 /favicon.ico [] []
[2018-06-28 20:49:26] logger_route.ERROR: 404 /favicon.ico [] []
[2018-06-28 20:50:27] logger_route.ERROR: 404 /favicon.ico [] []
[2018-06-28 20:50:49] logger_route.ERROR: 404 /favicon.ico [] []
[2018-06-28 20:52:24] logger_route.ERROR: 404 /favicon.ico [] []
[2018-06-28 20:54:26] logger_route.ERROR: 404 /favicon.ico [] []
[2018-06-28 20:57:52] logger_route.ERROR: 404 /favicon.ico [] []
[2018-06-28 20:58:10] logger_route.ERROR: 404 /favicon.ico [] []
[2018-06-28 20:59:45] logger_route.ERROR: 404 /favicon.ico [] []
[2018-06-28 21:01:13] logger_route.ERROR: 404 /favicon.ico [] []
[2018-06-28 21:01:27] logger_route.ERROR: 404 /favicon.ico [] []
[2018-06-28 21:01:55] logger_route.ERROR: 404 /favicon.ico [] []
[2018-06-28 21:02:08] logger_route.ERROR: 404 /favicon.ico [] []
[2018-06-28 21:04:13] logger_route.ERROR: 404 /favicon.ico [] []
[2018-06-28 21:10:37] logger_route.ERROR: 404 /favicon.ico [] []
[2018-06-28 21:11:20] logger_route.ERROR: 404 /favicon.ico [] []
[2018-06-28 21:25:47] logger_route.ERROR: 404 /favicon.ico [] []
[2018-06-28 21:25:48] logger_route.ERROR: 404 /favicon.ico [] []
[2018-06-28 21:26:26] logger_route.ERROR: 404 /favicon.ico [] []
[2018-06-28 21:28:20] logger_route.ERROR: 404 /favicon.ico [] []
[2018-06-28 21:32:56] logger_route.ERROR: 404 /favicon.ico [] []
[2018-06-28 21:35:13] logger_route.ERROR: 404 /favicon.ico [] []
[2018-06-28 21:35:40] logger_route.ERROR: 404 /favicon.ico [] []
[2018-06-28 21:36:05] logger_route.ERROR: 404 /favicon.ico [] []
[2018-06-28 21:40:54] logger_route.ERROR: 404 /favicon.ico [] []
[2018-06-28 21:41:11] logger_route.ERROR: 404 /favicon.ico [] []
[2018-06-28 21:42:41] logger_route.ERROR: 404 /favicon.ico [] []
[2018-06-28 21:43:03] logger_route.ERROR: 404 /favicon.ico [] []
[2018-06-28 21:45:03] logger_route.ERROR: 404 /favicon.ico [] []
[2018-06-28 21:45:11] logger_route.ERROR: 404 /favicon.ico [] []
[2018-06-28 22:05:13] logger_route.ERROR: 404 /favicon.ico [] []
[2018-06-28 22:06:49] logger_route.ERROR: 404 /favicon.ico [] []
[2018-06-28 22:06:59] logger_route.ERROR: 404 /favicon.ico [] []
[2018-06-28 22:07:07] logger_route.ERROR: 404 /favicon.ico [] []
[2018-06-28 22:08:51] logger_route.ERROR: 404 /favicon.ico [] []
[2018-06-28 22:09:36] logger_route.ERROR: 404 /favicon.ico [] []
[2018-06-28 22:09:42] logger_route.ERROR: 404 /favicon.ico [] []
[2018-06-28 22:09:43] logger_route.ERROR: 404 /favicon.ico [] []
[2018-06-28 22:10:25] logger_route.ERROR: 404 /favicon.ico [] []
[2018-06-28 22:10:58] logger_route.ERROR: 404 /favicon.ico [] []
[2018-06-28 22:12:46] logger_route.ERROR: 404 /favicon.ico [] []
[2018-06-28 22:15:16] logger_route.ERROR: 404 /favicon.ico [] []
[2018-06-28 22:15:21] logger_route.ERROR: 404 /favicon.ico [] []
[2018-06-29 07:30:46] logger_route.ERROR: 404 /favicon.ico [] []
[2018-06-29 07:30:50] logger_route.ERROR: 404 /favicon.ico [] []
[2018-06-29 07:33:28] logger_route.ERROR: 404 /favicon.ico [] []
[2018-06-29 07:41:02] logger_route.ERROR: 404 /favicon.ico [] []
[2018-06-29 07:43:00] logger_route.ERROR: 404 /favicon.ico [] []
[2018-06-29 07:46:35] logger_route.ERROR: 404 /favicon.ico [] []
[2018-06-29 07:47:03] logger_route.ERROR: 404 /favicon.ico [] []
[2018-06-29 07:53:10] logger_route.ERROR: 404 /favicon.ico [] []
[2018-06-29 08:10:48] logger_route.ERROR: 404 /favicon.ico [] []
[2018-06-29 08:16:25] logger_route.ERROR: 404 /favicon.ico [] []
[2018-06-29 08:16:42] logger_route.ERROR: 404 /favicon.ico [] []
[2018-06-29 08:16:59] logger_route.ERROR: 404 /favicon.ico [] []
[2018-06-29 08:17:59] logger_route.ERROR: 404 /favicon.ico [] []
[2018-06-29 08:18:28] logger_route.ERROR: 404 /favicon.ico [] []
[2018-06-29 08:18:59] logger_route.ERROR: 404 /favicon.ico [] []
[2018-06-29 08:19:05] logger_route.ERROR: 404 /favicon.ico [] []
[2018-06-29 08:21:59] logger_route.ERROR: 404 /favicon.ico [] []
[2018-06-29 08:22:06] logger_route.ERROR: 404 /favicon.ico [] []
[2018-06-29 08:22:10] logger_route.ERROR: 404 /favicon.ico [] []
[2018-06-29 08:22:34] logger_route.ERROR: 404 /favicon.ico [] []
[2018-06-29 08:22:47] logger_route.ERROR: 404 /favicon.ico [] []
[2018-06-29 08:22:59] logger_route.ERROR: 404 /favicon.ico [] []
[2018-06-29 08:26:02] logger_route.ERROR: 404 /favicon.ico [] []
[2018-06-29 08:37:32] logger_route.ERROR: 404 /favicon.ico [] []
[2018-06-29 08:37:33] logger_route.ERROR: 404 /favicon.ico [] []
[2018-06-29 08:41:28] logger_route.ERROR: 404 /favicon.ico [] []
[2018-06-29 08:41:29] logger_route.ERROR: 404 /favicon.ico [] []
[2018-06-29 08:41:30] logger_route.ERROR: 404 /favicon.ico [] []
[2018-06-29 08:45:12] logger_route.ERROR: 404 /favicon.ico [] []
[2018-06-29 08:45:13] logger_route.ERROR: 404 /favicon.ico [] []
[2018-06-29 08:51:09] logger_route.ERROR: 404 /favicon.ico [] []
[2018-06-29 08:51:10] logger_route.ERROR: 404 /favicon.ico [] []
[2018-06-29 08:53:19] logger_route.ERROR: 404 /favicon.ico [] []
[2018-06-29 08:54:01] logger_route.ERROR: 404 /favicon.ico [] []
[2018-06-29 08:54:31] logger_route.ERROR: 404 /favicon.ico [] []
[2018-06-29 08:58:27] logger_route.ERROR: 404 /favicon.ico [] []
[2018-06-29 09:00:30] logger_route.ERROR: 404 /favicon.ico [] []
[2018-06-29 09:00:31] logger_route.ERROR: 404 /favicon.ico [] []
[2018-06-29 09:00:32] logger_route.ERROR: 404 /favicon.ico [] []
[2018-06-29 09:09:23] logger_route.ERROR: 404 /favicon.ico [] []
[2018-06-29 09:09:36] logger_route.ERROR: 404 /favicon.ico [] []
[2018-06-29 09:10:12] logger_route.ERROR: 404 /favicon.ico [] []
[2018-06-29 09:10:28] logger_route.ERROR: 404 /favicon.ico [] []
[2018-06-29 09:10:45] logger_route.ERROR: 404 /favicon.ico [] []
[2018-06-29 09:12:18] logger_route.ERROR: 404 /favicon.ico [] []
[2018-06-29 09:12:21] logger_route.ERROR: 404 /favicon.ico [] []
[2018-06-29 09:12:35] logger_route.ERROR: 404 /favicon.ico [] []
[2018-06-29 09:16:48] logger_route.ERROR: 404 /favicon.ico [] []
[2018-06-29 09:16:56] logger_route.ERROR: 404 /favicon.ico [] []
[2018-06-29 09:18:47] logger_route.ERROR: 404 /favicon.ico [] []
[2018-06-29 09:19:29] logger_route.ERROR: 404 /favicon.ico [] []
[2018-06-29 09:20:15] logger_route.ERROR: 404 /favicon.ico [] []
[2018-06-29 09:20:17] logger_route.ERROR: 404 /favicon.ico [] []
[2018-06-29 09:21:24] logger_route.ERROR: 404 /favicon.ico [] []
[2018-06-29 09:21:26] logger_route.ERROR: 404 /favicon.ico [] []
[2018-06-29 09:21:38] logger_route.ERROR: 404 /favicon.ico [] []
[2018-06-29 09:22:38] logger_route.ERROR: 404 /favicon.ico [] []
[2018-06-29 09:22:53] logger_route.ERROR: 404 /favicon.ico [] []
[2018-06-29 09:23:37] logger_route.ERROR: 404 /favicon.ico [] []
[2018-06-29 09:23:40] logger_route.ERROR: 404 /favicon.ico [] []
[2018-06-29 10:26:38] logger_route.ERROR: 404 /favicon.ico [] []
[2018-06-29 10:26:42] logger_route.ERROR: 404 /favicon.ico [] []
[2018-06-29 10:26:44] logger_route.ERROR: 404 /favicon.ico [] []
[2018-06-29 10:29:06] logger_route.ERROR: 404 /favicon.ico [] []
[2018-06-29 10:30:12] logger_route.ERROR: 404 /favicon.ico [] []
[2018-06-29 10:31:34] logger_route.ERROR: 404 /favicon.ico [] []
[2018-06-29 10:31:39] logger_route.ERROR: 404 /favicon.ico [] []
[2018-06-29 10:32:16] logger_route.ERROR: 404 /favicon.ico [] []
[2018-06-29 10:32:32] logger_route.ERROR: 404 /favicon.ico [] []
[2018-06-29 10:42:26] logger_route.ERROR: 404 /favicon.ico [] []
[2018-06-29 10:47:21] logger_route.ERROR: 404 /favicon.ico [] []
[2018-06-29 10:49:50] logger_route.ERROR: 404 /favicon.ico [] []
[2018-06-29 10:50:02] logger_route.ERROR: 404 /favicon.ico [] []
[2018-06-29 10:55:56] logger_route.ERROR: 404 /favicon.ico [] []
[2018-06-29 10:56:22] logger_route.ERROR: 404 /favicon.ico [] []
[2018-06-29 10:56:32] logger_route.ERROR: 404 /favicon.ico [] []
[2018-06-29 11:04:25] logger_route.ERROR: 404 /favicon.ico [] []
[2018-06-29 11:04:27] logger_route.ERROR: 404 /favicon.ico [] []
[2018-06-29 11:04:28] logger_route.ERROR: 404 /favicon.ico [] []
[2018-06-29 11:07:34] logger_route.ERROR: 404 /favicon.ico [] []
[2018-06-29 11:08:19] logger_route.ERROR: 404 /favicon.ico [] []
[2018-06-29 11:20:25] logger_route.ERROR: 404 /favicon.ico [] []
[2018-06-29 11:21:06] logger_route.ERROR: 404 /favicon.ico [] []
[2018-06-29 11:21:15] logger_route.ERROR: 404 /favicon.ico [] []
[2018-06-29 11:21:36] logger_route.ERROR: 404 /favicon.ico [] []
[2018-06-29 11:24:40] logger_route.ERROR: 404 /favicon.ico [] []
[2018-06-29 11:25:01] logger_route.ERROR: 404 /favicon.ico [] []
[2018-06-29 11:29:39] logger_route.ERROR: 404 /favicon.ico [] []
[2018-06-29 11:29:47] logger_route.ERROR: 404 /favicon.ico [] []
[2018-06-29 11:30:06] logger_route.ERROR: 404 /favicon.ico [] []
[2018-06-29 11:38:41] logger_route.ERROR: 404 /favicon.ico [] []
[2018-06-29 11:46:22] logger_route.ERROR: 404 /favicon.ico [] []
[2018-06-29 11:51:31] logger_route.ERROR: 404 /favicon.ico [] []
[2018-06-29 11:51:38] logger_route.ERROR: 404 /favicon.ico [] []
[2018-06-29 11:54:16] logger_route.ERROR: 404 /favicon.ico [] []
[2018-06-29 11:54:50] logger_route.ERROR: 404 /favicon.ico [] []
[2018-06-29 11:55:14] logger_route.ERROR: 404 /favicon.ico [] []
[2018-06-29 11:55:47] logger_route.ERROR: 404 /favicon.ico [] []
[2018-06-29 13:50:40] logger_route.ERROR: 404 /favicon.ico [] []
[2018-06-29 13:50:42] logger_route.ERROR: 404 /favicon.ico [] []
[2018-06-29 14:34:18] logger_route.ERROR: 404 / [] []
[2018-06-29 14:34:18] logger_route.ERROR: 404 /favicon.ico [] []
[2018-06-29 14:35:25] logger_route.ERROR: 404 / [] []
[2018-06-29 14:35:25] logger_route.ERROR: 404 /favicon.ico [] []
[2018-06-29 14:39:28] logger_route.ERROR: 404 /favicon.ico [] []
[2018-06-29 14:40:45] logger_route.ERROR: 404 / [] []
[2018-06-29 14:40:45] logger_route.ERROR: 404 /favicon.ico [] []
[2018-06-29 14:47:30] logger_route.ERROR: 404 /favicon.ico [] []
[2018-06-29 14:48:31] logger_route.ERROR: 404 /favicon.ico [] []
[2018-06-29 14:48:51] logger_route.ERROR: 404 / [] []
[2018-06-29 14:48:51] logger_route.ERROR: 404 /favicon.ico [] []
[2018-06-29 14:49:26] logger_route.ERROR: 404 /favicon.ico [] []
[2018-06-29 14:50:17] logger_route.ERROR: Контроллер для страницы  не найден [] []
[2018-06-29 14:50:17] logger_route.ERROR: 404 /favicon.ico [] []
[2018-06-29 14:51:41] logger_route.ERROR: 404 / [] []
[2018-06-29 14:51:41] logger_route.ERROR: 404 /favicon.ico [] []
[2018-06-29 14:53:10] logger_route.ERROR: 404 /favicon.ico [] []
[2018-06-30 15:42:21] logger_route.ERROR: 404 /favicon.ico [] []
[2018-06-30 15:44:13] logger_route.ERROR: 404 /favicon.ico [] []
[2018-06-30 15:45:05] logger_route.ERROR: 404 /favicon.ico [] []
[2018-06-30 16:03:22] logger_route.ERROR: 404 /confings.php [] []
[2018-06-30 16:03:22] logger_route.ERROR: 404 /favicon.ico [] []
[2018-06-30 16:33:55] logger_route.ERROR: 404 /favicon.ico [] []
[2018-06-30 17:18:19] logger_route.ERROR: 404 /favicon.ico [] []
[2018-06-30 17:20:13] logger_route.ERROR: 404 /favicon.ico [] []
[2018-06-30 22:27:34] logger_route.ERROR: 404 /favicon.ico [] []
[2018-06-30 22:27:37] logger_route.ERROR: 404 /favicon.ico [] []
[2018-06-30 22:27:55] logger_route.ERROR: 404 /favicon.ico [] []
[2018-06-30 22:28:09] logger_route.ERROR: 404 /favicon.ico [] []
[2018-06-30 22:28:15] logger_route.ERROR: 404 /favicon.ico [] []
[2018-06-30 22:32:07] logger_route.ERROR: 404 /favicon.ico [] []
[2018-06-30 22:32:08] logger_route.ERROR: 404 /favicon.ico [] []
[2018-06-30 22:32:09] logger_route.ERROR: 404 /favicon.ico [] []
[2018-06-30 22:32:53] logger_route.ERROR: 404 /favicon.ico [] []
[2018-06-30 22:32:55] logger_route.ERROR: 404 /favicon.ico [] []
[2018-06-30 22:34:23] logger_route.ERROR: 404 /favicon.ico [] []
[2018-06-30 22:34:25] logger_route.ERROR: 404 /favicon.ico [] []
[2018-06-30 22:34:59] logger_route.ERROR: 404 /favicon.ico [] []
[2018-06-30 22:35:00] logger_route.ERROR: 404 /favicon.ico [] []
[2018-06-30 22:35:03] logger_route.ERROR: 404 /favicon.ico [] []
[2018-06-30 22:35:05] logger_route.ERROR: 404 /favicon.ico [] []
[2018-06-30 22:35:08] logger_route.ERROR: 404 /favicon.ico [] []
[2018-07-01 19:22:03] logger_route.ERROR: 404 /favicon.ico [] []
[2018-07-01 19:25:02] logger_route.ERROR: 404 /favicon.ico [] []
[2018-07-01 19:25:03] logger_route.ERROR: 404 /favicon.ico [] []
[2018-07-01 19:34:15] logger_route.ERROR: 404 /favicon.ico [] []
[2018-07-01 19:34:24] logger_route.ERROR: 404 /favicon.ico [] []
[2018-07-01 19:35:03] logger_route.ERROR: 404 /favicon.ico [] []
[2018-07-01 19:35:06] logger_route.ERROR: 404 /favicon.ico [] []
[2018-07-01 19:37:15] logger_route.ERROR: 404 /favicon.ico [] []
[2018-07-01 19:37:16] logger_route.ERROR: 404 /favicon.ico [] []
[2018-07-01 19:41:29] logger_route.ERROR: 404 /favicon.ico [] []
[2018-07-01 19:41:30] logger_route.ERROR: 404 /favicon.ico [] []
[2018-07-01 19:41:32] logger_route.ERROR: 404 /favicon.ico [] []
[2018-07-01 19:41:33] logger_route.ERROR: 404 /favicon.ico [] []
[2018-07-01 19:43:05] logger_route.ERROR: 404 /favicon.ico [] []
[2018-07-01 19:43:07] logger_route.ERROR: 404 /favicon.ico [] []
[2018-07-01 19:43:08] logger_route.ERROR: 404 /favicon.ico [] []
[2018-07-01 19:44:10] logger_route.ERROR: 404 /favicon.ico [] []
[2018-07-01 19:44:11] logger_route.ERROR: 404 /favicon.ico [] []
[2018-07-01 19:44:35] logger_route.ERROR: 404 /favicon.ico [] []
[2018-07-01 19:44:47] logger_route.ERROR: 404 /favicon.ico [] []
[2018-07-01 19:47:00] logger_route.ERROR: 404 /favicon.ico [] []
[2018-07-01 19:47:01] logger_route.ERROR: 404 /favicon.ico [] []
[2018-07-01 19:47:04] logger_route.ERROR: 404 /favicon.ico [] []
[2018-07-01 19:47:39] logger_route.ERROR: 404 /favicon.ico [] []
[2018-07-01 19:47:41] logger_route.ERROR: 404 /favicon.ico [] []
[2018-07-01 20:02:00] logger_route.ERROR: 404 /favicon.ico [] []
[2018-07-01 20:02:06] logger_route.ERROR: 404 /favicon.ico [] []
[2018-07-01 20:02:11] logger_route.ERROR: 404 /favicon.ico [] []
[2018-07-01 20:03:27] logger_route.ERROR: 404 /favicon.ico [] []
[2018-07-01 20:03:49] logger_route.ERROR: 404 /favicon.ico [] []
[2018-07-01 20:06:04] logger_route.ERROR: 404 /favicon.ico [] []
[2018-07-01 20:06:05] logger_route.ERROR: 404 /favicon.ico [] []
[2018-07-01 20:06:15] logger_route.ERROR: 404 /favicon.ico [] []
[2018-07-01 20:10:05] logger_route.ERROR: 404 /favicon.ico [] []
[2018-07-01 20:10:06] logger_route.ERROR: 404 /favicon.ico [] []
[2018-07-01 20:10:17] logger_route.ERROR: 404 /favicon.ico [] []
[2018-07-01 20:10:19] logger_route.ERROR: 404 /favicon.ico [] []
[2018-07-01 20:10:22] logger_route.ERROR: 404 /favicon.ico [] []
[2018-07-01 20:20:01] logger_route.ERROR: 404 /favicon.ico [] []
[2018-07-02 05:43:33] logger_route.ERROR: 404 /favicon.ico [] []
[2018-07-02 19:18:50] logger_route.ERROR: 404 /favicon.ico [] []
[2018-07-03 04:25:57] logger_route.ERROR: 404 /favicon.ico [] []
[2018-07-03 04:27:21] logger_route.ERROR: 404 /favicon.ico [] []
[2018-07-03 04:27:37] logger_route.ERROR: 404 /favicon.ico [] []
[2018-07-03 04:30:18] logger_route.ERROR: 404 /favicon.ico [] []
[2018-07-03 04:30:19] logger_route.ERROR: 404 /favicon.ico [] []
[2018-07-03 04:30:32] logger_route.ERROR: 404 /favicon.ico [] []
[2018-07-03 04:30:33] logger_route.ERROR: 404 /favicon.ico [] []
[2018-07-03 04:32:02] logger_route.ERROR: 404 /favicon.ico [] []
[2018-07-03 04:38:26] logger_route.ERROR: 404 /favicon.ico [] []
[2018-07-03 07:42:23] logger_route.ERROR: 404 /favicon.ico [] []
[2018-07-03 07:42:39] logger_route.ERROR: 404 /favicon.ico [] []
[2018-07-03 08:07:27] logger_route.ERROR: Контроллер для страницы cabinet не найден {"Path to controller":"/var/www/public/page_controllers/cabinet.php","Error path":"/var/www/public/page_controllers/front.php"} []
[2018-07-03 08:07:27] logger_route.ERROR: 404 /favicon.ico [] []
[2018-07-03 08:07:29] logger_route.ERROR: Контроллер для страницы cabinet не найден {"Path to controller":"/var/www/public/page_controllers/cabinet.php","Error path":"/var/www/public/page_controllers/front.php"} []
[2018-07-03 08:07:29] logger_route.ERROR: 404 /favicon.ico [] []
[2018-07-03 08:07:50] logger_route.ERROR: 404 /favicon.ico [] []
[2018-07-03 08:16:16] logger_route.ERROR: 404 /favicon.ico [] []
[2018-07-03 08:18:57] logger_route.ERROR: 404 /favicon.ico [] []
[2018-07-03 08:22:55] logger_route.ERROR: 404 /favicon.ico [] []
[2018-07-03 08:23:11] logger_route.ERROR: 404 /favicon.ico [] []
[2018-07-03 08:23:32] logger_route.ERROR: Контроллер для страницы cabinet не найден {"Path to controller":"/var/www/public/page_controllers/cabinet.php","Error path":"/var/www/public/page_controllers/front.php"} []
[2018-07-03 08:23:32] logger_route.ERROR: 404 /favicon.ico [] []
[2018-07-03 08:28:41] logger_route.ERROR: Контроллер для страницы cabinet не найден {"Path to controller":"/var/www/public/page_controllers/cabinet.php","Error path":"/var/www/public/page_controllers/front.php"} []
[2018-07-03 08:28:41] logger_route.ERROR: 404 /favicon.ico [] []
[2018-07-03 08:56:45] logger_route.ERROR: Контроллер для страницы cabinet не найден {"Path to controller":"/var/www/public/page_controllers/cabinet.php","Error path":"/var/www/public/page_controllers/front.php"} []
[2018-07-03 08:56:45] logger_route.ERROR: 404 /favicon.ico [] []
[2018-07-03 08:57:52] logger_route.ERROR: 404 /favicon.ico [] []
[2018-07-03 08:58:04] logger_route.ERROR: 404 /favicon.ico [] []
[2018-07-03 08:59:08] logger_route.ERROR: 404 /favicon.ico [] []
[2018-07-03 08:59:59] logger_route.ERROR: 404 /favicon.ico [] []
[2018-07-03 09:00:08] logger_route.ERROR: 404 /favicon.ico [] []
[2018-07-03 09:00:18] logger_route.ERROR: 404 /favicon.ico [] []
[2018-07-03 09:02:09] logger_route.ERROR: 404 /favicon.ico [] []
[2018-07-03 09:17:35] logger_route.ERROR: 404 /favicon.ico [] []
[2018-07-03 09:22:43] logger_route.ERROR: 404 /favicon.ico [] []
[2018-07-03 09:23:04] logger_route.ERROR: 404 /favicon.ico [] []
[2018-07-03 09:23:23] logger_route.ERROR: 404 /favicon.ico [] []
[2018-07-03 09:23:35] logger_route.ERROR: 404 /favicon.ico [] []
[2018-07-03 09:23:59] logger_route.ERROR: 404 /favicon.ico [] []
[2018-07-03 09:24:20] logger_route.ERROR: 404 /favicon.ico [] []
[2018-07-03 09:26:16] logger_route.ERROR: 404 /favicon.ico [] []
[2018-07-03 09:26:55] logger_route.ERROR: 404 /favicon.ico [] []
[2018-07-03 09:27:11] logger_route.ERROR: 404 /favicon.ico [] []
[2018-07-03 09:28:22] logger_route.ERROR: 404 /favicon.ico [] []
[2018-07-03 09:28:47] logger_route.ERROR: 404 /favicon.ico [] []
[2018-07-03 09:29:00] logger_route.ERROR: 404 /favicon.ico [] []
[2018-07-03 09:32:33] logger_route.ERROR: 404 /favicon.ico [] []
[2018-07-03 09:32:51] logger_route.ERROR: 404 /favicon.ico [] []
[2018-07-03 09:33:19] logger_route.ERROR: 404 /favicon.ico [] []
[2018-07-03 09:33:32] logger_route.ERROR: 404 /favicon.ico [] []
[2018-07-03 09:33:34] logger_route.ERROR: 404 /favicon.ico [] []
[2018-07-03 09:33:48] logger_route.ERROR: 404 /favicon.ico [] []
[2018-07-03 09:33:59] logger_route.ERROR: 404 /favicon.ico [] []
[2018-07-03 09:34:12] logger_route.ERROR: 404 /favicon.ico [] []
[2018-07-03 09:34:22] logger_route.ERROR: 404 /favicon.ico [] []
[2018-07-03 09:35:01] logger_route.ERROR: 404 /favicon.ico [] []
[2018-07-03 09:35:29] logger_route.ERROR: 404 /favicon.ico [] []
[2018-07-03 09:37:40] logger_route.ERROR: 404 /favicon.ico [] []
[2018-07-03 09:38:02] logger_route.ERROR: 404 /favicon.ico [] []
[2018-07-03 09:38:52] logger_route.ERROR: 404 /favicon.ico [] []
[2018-07-03 09:39:00] logger_route.ERROR: 404 /favicon.ico [] []
[2018-07-03 09:40:23] logger_route.ERROR: 404 /favicon.ico [] []
[2018-07-03 09:40:38] logger_route.ERROR: 404 /favicon.ico [] []
[2018-07-03 09:41:32] logger_route.ERROR: 404 /favicon.ico [] []
[2018-07-03 09:43:07] logger_route.ERROR: 404 /favicon.ico [] []
[2018-07-03 09:53:02] logger_route.ERROR: 404 /favicon.ico [] []
[2018-07-03 09:53:59] logger_route.ERROR: 404 /favicon.ico [] []
[2018-07-03 09:54:35] logger_route.ERROR: 404 /favicon.ico [] []
[2018-07-03 09:54:57] logger_route.ERROR: 404 /favicon.ico [] []
[2018-07-03 09:55:23] logger_route.ERROR: 404 /favicon.ico [] []
[2018-07-03 09:55:59] logger_route.ERROR: 404 /favicon.ico [] []
[2018-07-03 09:56:18] logger_route.ERROR: 404 /favicon.ico [] []
[2018-07-03 09:57:30] logger_route.ERROR: 404 /favicon.ico [] []
[2018-07-03 10:04:48] logger_route.ERROR: 404 /favicon.ico [] []
[2018-07-03 10:06:31] logger_route.ERROR: 404 /favicon.ico [] []
[2018-07-03 10:07:21] logger_route.ERROR: 404 /favicon.ico [] []
[2018-07-03 10:08:03] logger_route.ERROR: 404 /favicon.ico [] []
[2018-07-03 10:08:45] logger_route.ERROR: 404 /favicon.ico [] []
[2018-07-03 10:42:24] logger_route.ERROR: 404 /personal [] []
[2018-07-03 10:42:24] logger_route.ERROR: 404 /favicon.ico [] []
[2018-07-03 10:42:27] logger_route.ERROR: 404 /favicon.ico [] []
[2018-07-03 10:42:30] logger_route.ERROR: 404 /favicon.ico [] []
[2018-07-03 14:03:39] logger_route.ERROR: 404 /favicon.ico [] []
[2018-07-03 14:03:40] logger_route.ERROR: 404 /favicon.ico [] []
[2018-07-03 14:04:01] logger_route.ERROR: 404 /favicon.ico [] []
[2018-07-03 14:05:51] logger_route.ERROR: 404 /favicon.ico [] []
[2018-07-03 14:06:54] logger_route.ERROR: 404 /favicon.ico [] []
[2018-07-03 14:07:24] logger_route.ERROR: 404 /favicon.ico [] []
[2018-07-03 14:07:55] logger_route.ERROR: 404 /favicon.ico [] []
[2018-07-03 14:08:24] logger_route.ERROR: 404 /favicon.ico [] []
[2018-07-03 14:09:03] logger_route.ERROR: 404 /favicon.ico [] []
[2018-07-03 14:10:19] logger_route.ERROR: 404 /favicon.ico [] []
[2018-07-03 14:11:30] logger_route.ERROR: 404 /favicon.ico [] []
[2018-07-03 14:11:57] logger_route.ERROR: 404 /favicon.ico [] []
[2018-07-03 14:14:12] logger_route.ERROR: 404 /favicon.ico [] []
[2018-07-03 14:14:20] logger_route.ERROR: 404 /favicon.ico [] []
[2018-07-03 14:14:25] logger_route.ERROR: 404 /favicon.ico [] []
[2018-07-03 14:14:41] logger_route.ERROR: 404 /favicon.ico [] []
[2018-07-03 14:29:59] logger_route.ERROR: 404 /favicon.ico [] []
[2018-07-03 14:33:52] logger_route.ERROR: 404 /favicon.ico [] []
[2018-07-03 14:38:45] logger_route.ERROR: 404 /favicon.ico [] []
[2018-07-03 14:39:08] logger_route.ERROR: 404 /favicon.ico [] []
[2018-07-03 14:39:15] logger_route.ERROR: 404 /favicon.ico [] []
[2018-07-03 14:40:10] logger_route.ERROR: 404 /favicon.ico [] []
[2018-07-03 14:40:19] logger_route.ERROR: 404 /favicon.ico [] []
[2018-07-03 14:42:43] logger_route.ERROR: 404 /favicon.ico [] []
[2018-07-03 14:43:21] logger_route.ERROR: 404 /favicon.ico [] []
[2018-07-03 14:47:59] logger_route.ERROR: 404 /favicon.ico [] []
